<?xml version="1.0" encoding="UTF-8"?>
<!-- Generated by org.testng.reporters.JUnitReportReporter -->
<testsuite hostname="HP" failures="0" tests="1" name="CC2.NewTest2" time="89.771" errors="0" timestamp="2023-04-19T12:38:40 IST" skipped="0">
  <testcase classname="CC2.NewTest2" name="f" time="89.771"/>
  <system-out/>
</testsuite> <!-- CC2.NewTest2 -->
